[2025-12-03T18:16:39.931869300] [MKDIR] Teste - START
[2025-12-03T18:16:39.932869300] [MKDIR] Teste - SUCCESS
[2025-12-03T18:16:51.945695200] [MKFILE] Teste.txt - START
[2025-12-03T18:16:51.946695300] [MKFILE] Teste.txt - SUCCESS
[2025-12-03T18:18:00.530627900] [DELETE] Teste.txt - START
[2025-12-03T18:18:00.531628400] [DELETE] Teste.txt - SUCCESS
[2025-12-03T18:18:12.680442] [RENAME] Teste -> TesteRenomear - START
[2025-12-03T18:18:12.680442] [RENAME] TesteRenomear - SUCCESS
[2025-12-03T18:18:20.714754100] [MKFILE] Teste - START
[2025-12-03T18:18:20.715754500] [MKFILE] Teste - SUCCESS
[2025-12-03T18:18:30.726885800] [COPY] Teste - START
[2025-12-03T18:18:30.727929500] [MKFILE] Teste - START
[2025-12-03T18:18:30.727929500] [MKFILE] Teste - FAIL - EXISTS
[2025-12-03T18:18:30.728970] [COPY] Teste - SUCCESS
[2025-12-03T18:18:49.800442300] [COPY] Teste - START
[2025-12-03T18:18:49.801443300] [MKFILE] TesteCopiar - START
[2025-12-03T18:18:49.801443300] [MKFILE] TesteCopiar - SUCCESS
[2025-12-03T18:18:49.801443300] [COPY] TesteCopiar - SUCCESS
[2025-12-04T17:47:49.341550800] [MKDIR] teste1 - START
[2025-12-04T17:47:49.343592700] [MKDIR] teste1 - SUCCESS
[2025-12-04T17:47:56.470334100] [MKDIR] teste2 - START
[2025-12-04T17:47:56.470334100] [MKDIR] teste2 - SUCCESS
[2025-12-04T17:48:08.537407100] [MKFILE] arqw - START
[2025-12-04T17:48:08.538402100] [MKFILE] arqw - SUCCESS
[2025-12-04T17:48:58.012389100] [MKFILE] ggg - START
[2025-12-04T17:48:58.013897100] [MKFILE] ggg - SUCCESS
[2025-12-04T20:01:01.297651300] [MKFILE] Teste.txt - START
[2025-12-04T20:01:01.329447] [MKFILE] Teste.txt - SUCCESS - EMPTY
[2025-12-04T20:01:08.349467200] [WRITE]  Teste.txt - FAIL
[2025-12-04T20:04:34.917919400] [MKDIR] Teste - START
[2025-12-04T20:04:34.917919400] [MKDIR] Teste - SUCCESS
[2025-12-05T17:53:29.640751700] [MKDIR] teste2 - START
[2025-12-05T17:53:29.641750500] [MKDIR] teste2 - SUCCESS
[2025-12-05T18:00:41.839103700] [DELETE] Teste.txt - START
[2025-12-05T18:00:41.841098900] [DELETE] Teste.txt - SUCCESS
[2025-12-05T18:00:46.131051400] [DELETE] teste2 - START
[2025-12-05T18:00:46.131051400] [DELETE] teste2 - SUCCESS
[2025-12-05T18:00:55.012661700] [MKDIR] testedentro - START
[2025-12-05T18:00:55.012661700] [MKDIR] testedentro - SUCCESS
[2025-12-05T18:01:07.672736300] [MKFILE] testearquivo - START
[2025-12-05T18:01:07.673740800] [MKFILE] testearquivo - SUCCESS - EMPTY
[2025-12-05T18:01:31.080229500] [COPY] testearquivo - START
[2025-12-05T18:01:31.081501800] [MKFILE] testearquivo - START
[2025-12-05T18:01:31.081501800] [MKFILE] testearquivo - FAIL - EXISTS
[2025-12-05T18:01:31.082502300] [COPY] testearquivo - SUCCESS
[2025-12-05T18:01:45.376016100] [COPY] testearquivo - START
[2025-12-05T18:01:45.376016100] [MKFILE] testearquivo2 - START
[2025-12-05T18:01:45.376016100] [MKFILE] testearquivo2 - SUCCESS - EMPTY
[2025-12-05T18:01:45.377016200] [COPY] testearquivo2 - SUCCESS
[2025-12-05T18:02:01.523036100] [RENAME] testearquivo2 -> renomear - START
[2025-12-05T18:02:01.523036100] [RENAME] renomear - SUCCESS
[2025-12-05T18:02:11.689181500] [RENAME] renomear -> testearquivo - START
[2025-12-05T18:02:11.689181500] [RENAME] testearquivo - SUCCESS
[2025-12-05T18:02:26.838545] [DELETE] Teste - START
[2025-12-05T18:02:26.839636900] [DELETE] Teste - SUCCESS
[2025-12-05T18:10:26.520780700] [MKDIR] teste - START
[2025-12-05T18:10:26.521917500] [MKDIR] teste - SUCCESS
[2025-12-05T18:10:32.066279500] [MKFILE] teste - START
[2025-12-05T18:10:32.067505700] [MKFILE] teste - SUCCESS - EMPTY
[2025-12-05T18:10:39.094030200] [COPY] teste ->  - START
[2025-12-05T18:10:39.099571200] [COPY] teste1 - SUCCESS (Renamed from teste)
[2025-12-05T18:10:50.802866600] [COPY] teste1 -> .. - START
[2025-12-05T18:10:50.803866300] [COPY] teste1 - SUCCESS (Renamed from teste1)
[2025-12-05T18:11:04.792506500] [MKDIR] testecopia - START
[2025-12-05T18:11:04.792506500] [MKDIR] testecopia - SUCCESS
[2025-12-05T18:11:22.706805700] [COPY] teste -> /teste/testecopia - START
[2025-12-05T18:11:22.706805700] [COPY] teste - SUCCESS (Renamed from teste)
[2025-12-05T18:11:51.800790600] [RENAME] teste1 -> teste - START
[2025-12-05T18:11:51.800790600] [RENAME] teste - SUCCESS
[2025-12-05T18:19:06.458953700] [MKDIR] teste - START
[2025-12-05T18:19:06.459953900] [MKDIR] teste - SUCCESS
[2025-12-05T18:19:09.643225400] [MKDIR] testecopia - START
[2025-12-05T18:19:09.644225800] [MKDIR] testecopia - SUCCESS
[2025-12-05T18:19:18.916134200] [MKFILE] teste.txt - START
[2025-12-05T18:19:18.916134200] [MKFILE] teste.txt - SUCCESS - EMPTY
[2025-12-05T18:19:26.894452200] [RENAME] teste.txt -> teste - START
[2025-12-05T18:19:26.894452200] [RENAME] teste - SUCCESS
[2025-12-05T18:19:41.405845200] [COPY] teste ->  - START
[2025-12-05T18:19:41.409848200] [COPY] teste1 - SUCCESS (Renamed from teste)
[2025-12-05T18:19:47.855934400] [RENAME] teste1 -> teste - START
[2025-12-05T18:19:47.855934400] [RENAME] teste - FAIL - ALREADY EXISTS
[2025-12-05T18:20:08.046394500] [COPY] teste1 -> testecopia - START
[2025-12-05T18:20:08.047446600] [COPY] teste1 - FAIL - INVALID TARGET
[2025-12-05T18:20:29.860715100] [COPY] teste1 -> /testecopia - START
[2025-12-05T18:20:29.861928400] [COPY] teste1 - SUCCESS (Renamed from teste1)
[2025-12-05T18:21:27.445320600] [COPY] teste -> dsafa - START
[2025-12-05T18:21:27.446393] [COPY] teste - FAIL - INVALID TARGET
[2025-12-05T18:35:47.721786900] [MKDIR] teste - START
[2025-12-05T18:35:47.722787400] [MKDIR] teste - SUCCESS
[2025-12-05T18:35:53.023108200] [MKDIR] testecopia - START
[2025-12-05T18:35:53.024195300] [MKDIR] testecopia - SUCCESS
[2025-12-05T18:35:55.630142800] [MKFILE] teste - START
[2025-12-05T18:35:55.631141300] [MKFILE] teste - FAIL - EXISTS
[2025-12-05T18:36:00.925962200] [MKFILE] teste - START
[2025-12-05T18:36:00.926962600] [MKFILE] teste - FAIL - EXISTS
[2025-12-05T18:36:08.145144] [MKFILE] testearquivo - START
[2025-12-05T18:36:08.145650300] [MKFILE] testearquivo - SUCCESS - EMPTY
[2025-12-05T18:36:24.247434500] [COPY] testearquivo -> fdsfsk - START
[2025-12-05T18:36:24.248523800] [COPY] testearquivo - FAIL - INVALID TARGET
[2025-12-05T18:36:33.887802300] [COPY] testearquivo -> /testecopia - START
[2025-12-05T18:36:33.888800800] [COPY] testearquivo - SUCCESS (Renamed from testearquivo)
[2025-12-05T18:37:24.124745800] [MKDIR] teste - START
[2025-12-05T18:37:24.125745] [MKDIR] teste - SUCCESS
[2025-12-05T18:37:29.038150] [MKDIR] teste - START
[2025-12-05T18:37:29.039152400] [MKDIR] teste - FAIL - EXISTS
[2025-12-05T18:37:32.817109600] [MKDIR] testecopia - START
[2025-12-05T18:37:32.818112900] [MKDIR] testecopia - SUCCESS
[2025-12-05T18:37:37.172874100] [MKFILE] teste - START
[2025-12-05T18:37:37.173877] [MKFILE] teste - FAIL - EXISTS
[2025-12-05T18:37:41.475544700] [MKFILE] testearq - START
[2025-12-05T18:37:41.476543600] [MKFILE] testearq - SUCCESS - EMPTY
[2025-12-05T18:37:45.225291700] [MKFILE] testearq - START
[2025-12-05T18:37:45.225291700] [MKFILE] testearq - FAIL - EXISTS
[2025-12-05T18:37:55.625099200] [COPY] testearq ->  - START
[2025-12-05T18:37:55.629098500] [COPY] testearq1 - SUCCESS (Renamed from testearq)
[2025-12-05T18:38:03.954627100] [COPY] testearq1 -> /teste - START
[2025-12-05T18:38:03.955627800] [COPY] testearq1 - SUCCESS (Renamed from testearq1)
[2025-12-05T18:39:47.462427400] [MKFILE] testearq1 - START
[2025-12-05T18:39:47.463432100] [MKFILE] testearq1 - FAIL - EXISTS
[2025-12-05T18:42:55.856530400] [MKDIR] teste - START
[2025-12-05T18:42:55.857531800] [MKDIR] teste - SUCCESS
[2025-12-05T18:42:59.381511300] [MKDIR] teste - START
[2025-12-05T18:42:59.382513400] [MKDIR] teste - FAIL - EXISTS
[2025-12-05T18:43:03.606121200] [MKFILE] teste - START
[2025-12-05T18:43:03.607553700] [MKFILE] teste - FAIL - EXISTS
[2025-12-05T18:43:08.174690600] [MKFILE] testearq - START
[2025-12-05T18:43:08.175796] [MKFILE] testearq - SUCCESS - EMPTY
[2025-12-05T18:43:12.591449400] [MKFILE] testearq - START
[2025-12-05T18:43:12.591449400] [MKFILE] testearq - FAIL - EXISTS
[2025-12-05T18:43:38.262693100] [COPY] testearq -> /teste - START
[2025-12-05T18:43:38.264712500] [COPY] testearq - SUCCESS (Renamed from testearq)
[2025-12-05T18:44:01.297062700] [DELETE] teste - START
[2025-12-05T18:44:01.298436500] [DELETE] teste - SUCCESS
